Determining if the pthread_create exist failed with the following output:
Change Dir: /home/ual/moos-ivp-logan/build/CMakeFiles/CMakeTmp

Run Build Command:"/usr/bin/make" "cmTC_943d2/fast"
/usr/bin/make -f CMakeFiles/cmTC_943d2.dir/build.make CMakeFiles/cmTC_943d2.dir/build
make[1]: Entering directory '/home/ual/moos-ivp-logan/build/CMakeFiles/CMakeTmp'
Building C object CMakeFiles/cmTC_943d2.dir/CheckSymbolExists.c.o
/usr/bin/cc    -o CMakeFiles/cmTC_943d2.dir/CheckSymbolExists.c.o   -c /home/ual/moos-ivp-logan/build/CMakeFiles/CMakeTmp/CheckSymbolExists.c
Linking C executable cmTC_943d2
/usr/bin/cmake -E cmake_link_script CMakeFiles/cmTC_943d2.dir/link.txt --verbose=1
/usr/bin/cc      -rdynamic CMakeFiles/cmTC_943d2.dir/CheckSymbolExists.c.o  -o cmTC_943d2 
CMakeFiles/cmTC_943d2.dir/CheckSymbolExists.c.o: In function `main':
CheckSymbolExists.c:(.text+0x1b): undefined reference to `pthread_create'
collect2: error: ld returned 1 exit status
CMakeFiles/cmTC_943d2.dir/build.make:97: recipe for target 'cmTC_943d2' failed
make[1]: *** [cmTC_943d2] Error 1
make[1]: Leaving directory '/home/ual/moos-ivp-logan/build/CMakeFiles/CMakeTmp'
Makefile:126: recipe for target 'cmTC_943d2/fast' failed
make: *** [cmTC_943d2/fast] Error 2

File /home/ual/moos-ivp-logan/build/CMakeFiles/CMakeTmp/CheckSymbolExists.c:
/* */
#include <pthread.h>

int main(int argc, char** argv)
{
  (void)argv;
#ifndef pthread_create
  return ((int*)(&pthread_create))[argc];
#else
  (void)argc;
  return 0;
#endif
}

